<?xml version="1.0" encoding="UTF-8"?>
<!-- Generated by org.testng.reporters.JUnitReportReporter -->
<testsuite hostname="DESKTOP-4D3USP3" name="com.test.NewTest" tests="3" failures="0" timestamp="27 Oct 2016 03:24:15 GMT" time="29.608" errors="0">
  <testcase name="f" time="10.709" classname="com.test.NewTest"/>
  <testcase name="f" time="8.158" classname="com.test.NewTest"/>
  <testcase name="f" time="10.741" classname="com.test.NewTest"/>
</testsuite> <!-- com.test.NewTest -->
